<?xml version="1.0" encoding="UTF-8"?>
<!-- Generated by org.testng.reporters.JUnitXMLReporter -->
<testsuite ignored="1" hostname="Jai" failures="0" tests="2" name="Test" time="11.583" errors="0" timestamp="2026-09-02T16:07:18 MESZ">
  <testcase classname="testCases.TC001_AccountRegistrationTest" name="verifyAccountRegistration" time="4.609"/>
  <testcase classname="testCases.TC002_LoginTest" name="verify_login" time="1.475"/>
  <testcase classname="testCases.TC003_LoginDDT" name="verify_loginDDT" time="0.0">
    <ignored/>
  </testcase> <!-- verify_loginDDT -->
</testsuite> <!-- Test -->
