<?xml version="1.0" encoding="UTF-8"?>
<!-- Generated by org.testng.reporters.JUnitXMLReporter -->
<testsuite ignored="0" hostname="Jai" failures="1" tests="2" name="Linux-firefox" time="24.423" errors="0" timestamp="2026-09-02T17:29:34 MESZ">
  <testcase classname="testCases.TC001_AccountRegistrationTest" name="verifyAccountRegistration" time="2.47"/>
  <testcase classname="testCases.TC002_LoginTest" name="verify_login" time="11.527">
    <failure type="java.lang.AssertionError" message="expected [true] but found [false]">
      <![CDATA[java.lang.AssertionError: expected [true] but found [false]
at testCases.TC002_LoginTest.verify_login(TC002_LoginTest.java:36)
at java.base/java.util.ArrayList.forEach(ArrayList.java:1596)
... Removed 29 stack frames]]>
    </failure>
  </testcase> <!-- verify_login -->
</testsuite> <!-- Linux-firefox -->
