<?xml version="1.0" encoding="UTF-8"?>
<!-- Generated by org.testng.reporters.JUnitReportReporter -->
<testsuite hostname="Jai" failures="0" tests="2" name="testCases.TC001_AccountRegistrationTest" time="5.129" errors="0" timestamp="2026-09-02T17:29:55 MESZ" skipped="0">
  <testcase classname="testCases.TC001_AccountRegistrationTest" name="verifyAccountRegistration" time="2.659"/>
  <testcase classname="testCases.TC001_AccountRegistrationTest" name="verifyAccountRegistration" time="2.470"/>
</testsuite> <!-- testCases.TC001_AccountRegistrationTest -->
